<?xml version="1.0" encoding="UTF-8"?>
<!-- Generated by org.testng.reporters.JUnitReportReporter -->
<testsuite hostname="DESKTOP-QM3NAMO" failures="0" tests="2" name="TestNGDemo.TestNGDemo.LoanDepartment" time="0.027" errors="0" timestamp="2024-05-06T17:24:24 IST" skipped="0">
  <testcase classname="TestNGDemo.TestNGDemo.LoanDepartment" name="MobileLoginPersonalLoan" time="0.012"/>
  <testcase classname="TestNGDemo.TestNGDemo.LoanDepartment" name="MobileLoginAutomobilelLoan" time="0.015"/>
</testsuite> <!-- TestNGDemo.TestNGDemo.LoanDepartment -->
