<?xml version="1.0" encoding="UTF-8"?>
<!-- Generated by org.testng.reporters.JUnitReportReporter -->
<testsuite hostname="DESKTOP-QM3NAMO" failures="0" tests="3" name="TestNGDemo.TestNGDemo.Annotationattributes" time="4.033" errors="0" timestamp="2024-05-08T11:41:53 IST" skipped="0">
  <testcase classname="TestNGDemo.TestNGDemo.Annotationattributes" name="testCase1" time="0.013"/>
  <testcase classname="TestNGDemo.TestNGDemo.Annotationattributes" name="testCase2" time="0.003"/>
  <testcase classname="TestNGDemo.TestNGDemo.Annotationattributes" name="testCase3" time="4.017"/>
</testsuite> <!-- TestNGDemo.TestNGDemo.Annotationattributes -->
