<?xml version="1.0" encoding="UTF-8"?>
<!-- Generated by org.testng.reporters.JUnitReportReporter -->
<testsuite hostname="DESKTOP-QM3NAMO" failures="0" tests="2" name="TestNGDemo.TestNGDemo.TestNgParameterGoogleSearch" time="16.354" errors="0" timestamp="2024-05-08T18:55:13 IST" skipped="0">
  <testcase classname="TestNGDemo.TestNGDemo.TestNgParameterGoogleSearch" name="googlesearch" time="4.800"/>
  <testcase classname="TestNGDemo.TestNGDemo.TestNgParameterGoogleSearch" name="googlesearch" time="11.554"/>
</testsuite> <!-- TestNGDemo.TestNGDemo.TestNgParameterGoogleSearch -->
