<?xml version="1.0" encoding="UTF-8"?>
<!-- Generated by org.testng.reporters.JUnitReportReporter -->
<testsuite hostname="DESKTOP-QM3NAMO" failures="0" tests="2" name="TestNGDemo.TestNGDemo.TestNGAnnotations" time="0.014" errors="0" timestamp="2024-05-08T10:51:16 IST" skipped="0">
  <testcase classname="TestNGDemo.TestNGDemo.TestNGAnnotations" name="test2" time="0.008"/>
  <testcase classname="TestNGDemo.TestNGDemo.TestNGAnnotations" name="test1" time="0.006"/>
</testsuite> <!-- TestNGDemo.TestNGDemo.TestNGAnnotations -->
