<?xml version="1.0" encoding="UTF-8"?>
<!-- Generated by org.testng.reporters.JUnitReportReporter -->
<testsuite hostname="DESKTOP-QM3NAMO" failures="0" tests="1" name="TestNGDemo.TestNGDemo.VrifyLogin" time="30.261" errors="0" timestamp="2024-05-14T16:35:25 IST" skipped="0">
  <testcase classname="TestNGDemo.TestNGDemo.VrifyLogin" name="verifyloginbutton" time="30.261"/>
</testsuite> <!-- TestNGDemo.TestNGDemo.VrifyLogin -->
