<?xml version="1.0" encoding="UTF-8"?>
<!-- Generated by org.testng.reporters.JUnitReportReporter -->
<testsuite hostname="DESKTOP-QM3NAMO" failures="0" tests="2" name="TestNGDemo.TestNGDemo.TestNGExample" time="0.016" errors="0" timestamp="2024-05-06T16:38:07 IST" skipped="0">
  <testcase classname="TestNGDemo.TestNGDemo.TestNGExample" name="test1" time="0.013"/>
  <testcase classname="TestNGDemo.TestNGDemo.TestNGExample" name="test2" time="0.003"/>
</testsuite> <!-- TestNGDemo.TestNGDemo.TestNGExample -->
