<?xml version="1.0" encoding="UTF-8"?>
<!-- Generated by org.testng.reporters.JUnitReportReporter -->
<testsuite hostname="DESKTOP-QM3NAMO" failures="0" tests="2" name="TestNGDemo.TestNGDemo.CurrentAccountTestClass1" time="0.030" errors="0" timestamp="2024-05-06T16:51:26 IST" skipped="0">
  <testcase classname="TestNGDemo.TestNGDemo.CurrentAccountTestClass1" name="test1" time="0.020"/>
  <testcase classname="TestNGDemo.TestNGDemo.CurrentAccountTestClass1" name="test2" time="0.010"/>
</testsuite> <!-- TestNGDemo.TestNGDemo.CurrentAccountTestClass1 -->
