<?xml version="1.0" encoding="UTF-8"?>
<!-- Generated by org.testng.reporters.JUnitReportReporter -->
<testsuite hostname="DESKTOP-QM3NAMO" failures="0" tests="1" name="TestNGDemo.TestNGDemo.AutoMobileClass" time="0.012" errors="0" timestamp="2024-05-08T17:37:54 IST" skipped="0">
  <testcase classname="TestNGDemo.TestNGDemo.AutoMobileClass" name="testCase1" time="0.012"/>
</testsuite> <!-- TestNGDemo.TestNGDemo.AutoMobileClass -->
